2023/08/25 14:36:03 [emerg] 1#1: unknown directive "proxy_hid_header" in /etc/nginx/conf.d/default.conf:13
2023/08/25 14:36:04 [emerg] 1#1: unknown directive "proxy_hid_header" in /etc/nginx/conf.d/default.conf:13
2023/08/25 14:36:04 [emerg] 1#1: unknown directive "proxy_hid_header" in /etc/nginx/conf.d/default.conf:13
2023/08/25 14:36:05 [emerg] 1#1: unknown directive "proxy_hid_header" in /etc/nginx/conf.d/default.conf:13
2023/08/25 14:36:06 [emerg] 1#1: unknown directive "proxy_hid_header" in /etc/nginx/conf.d/default.conf:13
2023/08/25 14:36:09 [emerg] 1#1: unknown directive "proxy_hid_header" in /etc/nginx/conf.d/default.conf:13
2023/08/25 14:36:36 [notice] 1#1: using the "epoll" event method
2023/08/25 14:36:36 [notice] 1#1: nginx/1.25.2
2023/08/25 14:36:36 [notice] 1#1: built by gcc 12.2.0 (Debian 12.2.0-14) 
2023/08/25 14:36:36 [notice] 1#1: OS: Linux 5.15.49-linuxkit
2023/08/25 14:36:36 [notice] 1#1: getrlimit(RLIMIT_NOFILE): 1048576:1048576
2023/08/25 14:36:36 [notice] 1#1: start worker processes
2023/08/25 14:36:36 [notice] 1#1: start worker process 7
2023/08/25 14:36:36 [notice] 1#1: start worker process 8
2023/08/25 14:36:36 [notice] 1#1: start worker process 9
2023/08/25 14:36:36 [notice] 1#1: start worker process 10
2023/08/25 14:36:55 [info] 7#7: *1 client 172.20.0.1 closed keepalive connection
2023/08/25 14:37:25 [info] 8#8: *3 client 172.20.0.1 closed keepalive connection
2023/08/25 14:37:36 [notice] 1#1: signal 3 (SIGQUIT) received, shutting down
2023/08/25 14:37:36 [notice] 10#10: gracefully shutting down
2023/08/25 14:37:36 [notice] 9#9: gracefully shutting down
2023/08/25 14:37:36 [notice] 9#9: exiting
2023/08/25 14:37:36 [notice] 7#7: gracefully shutting down
2023/08/25 14:37:36 [notice] 8#8: gracefully shutting down
2023/08/25 14:37:36 [notice] 10#10: exiting
2023/08/25 14:37:36 [notice] 9#9: exit
2023/08/25 14:37:36 [notice] 7#7: exiting
2023/08/25 14:37:36 [notice] 7#7: exit
2023/08/25 14:37:36 [notice] 8#8: exiting
2023/08/25 14:37:36 [notice] 8#8: exit
2023/08/25 14:37:36 [notice] 10#10: exit
2023/08/25 14:37:36 [notice] 1#1: signal 17 (SIGCHLD) received from 9
2023/08/25 14:37:36 [notice] 1#1: worker process 9 exited with code 0
2023/08/25 14:37:36 [notice] 1#1: signal 29 (SIGIO) received
2023/08/25 14:37:36 [notice] 1#1: signal 17 (SIGCHLD) received from 7
2023/08/25 14:37:36 [notice] 1#1: worker process 7 exited with code 0
2023/08/25 14:37:36 [notice] 1#1: worker process 8 exited with code 0
2023/08/25 14:37:36 [notice] 1#1: worker process 10 exited with code 0
2023/08/25 14:37:36 [notice] 1#1: exit
2023/08/25 14:37:38 [emerg] 1#1: invalid number of arguments in "location" directive in /etc/nginx/conf.d/default.conf:12
2023/08/25 14:37:39 [emerg] 1#1: invalid number of arguments in "location" directive in /etc/nginx/conf.d/default.conf:12
2023/08/25 14:37:39 [emerg] 1#1: invalid number of arguments in "location" directive in /etc/nginx/conf.d/default.conf:12
2023/08/25 14:37:40 [emerg] 1#1: invalid number of arguments in "location" directive in /etc/nginx/conf.d/default.conf:12
2023/08/25 14:37:41 [emerg] 1#1: invalid number of arguments in "location" directive in /etc/nginx/conf.d/default.conf:12
2023/08/25 14:37:43 [emerg] 1#1: invalid number of arguments in "location" directive in /etc/nginx/conf.d/default.conf:12
2023/08/25 14:37:51 [notice] 1#1: using the "epoll" event method
2023/08/25 14:37:51 [notice] 1#1: nginx/1.25.2
2023/08/25 14:37:51 [notice] 1#1: built by gcc 12.2.0 (Debian 12.2.0-14) 
2023/08/25 14:37:51 [notice] 1#1: OS: Linux 5.15.49-linuxkit
2023/08/25 14:37:51 [notice] 1#1: getrlimit(RLIMIT_NOFILE): 1048576:1048576
2023/08/25 14:37:51 [notice] 1#1: start worker processes
2023/08/25 14:37:51 [notice] 1#1: start worker process 8
2023/08/25 14:37:51 [notice] 1#1: start worker process 9
2023/08/25 14:37:51 [notice] 1#1: start worker process 10
2023/08/25 14:37:51 [notice] 1#1: start worker process 11
2023/08/25 14:37:54 [info] 8#8: *1 client 172.20.0.1 closed keepalive connection
2023/08/25 14:38:26 [info] 9#9: *3 client 172.20.0.1 closed keepalive connection
2023/08/25 14:38:29 [info] 10#10: *5 client 172.20.0.1 closed keepalive connection
2023/08/25 14:38:30 [info] 11#11: *7 client 172.20.0.1 closed keepalive connection
2023/08/25 14:38:31 [info] 8#8: *9 client 172.20.0.1 closed keepalive connection
2023/08/25 14:38:31 [info] 8#8: *11 client 172.20.0.1 closed keepalive connection
2023/08/25 14:38:32 [info] 8#8: *13 client 172.20.0.1 closed keepalive connection
2023/08/25 14:38:32 [info] 8#8: *15 client 172.20.0.1 closed keepalive connection
2023/08/25 14:38:33 [info] 8#8: *17 client 172.20.0.1 closed keepalive connection
2023/08/25 14:38:33 [info] 8#8: *19 client 172.20.0.1 closed keepalive connection
2023/08/25 14:38:34 [info] 8#8: *21 client 172.20.0.1 closed keepalive connection
2023/08/25 14:38:34 [info] 8#8: *23 client 172.20.0.1 closed keepalive connection
2023/08/25 14:38:35 [info] 8#8: *25 client 172.20.0.1 closed keepalive connection
2023/08/25 14:38:35 [info] 8#8: *27 client 172.20.0.1 closed keepalive connection
2023/08/25 14:38:36 [info] 8#8: *29 client 172.20.0.1 closed keepalive connection
2023/08/25 14:38:36 [info] 8#8: *31 client 172.20.0.1 closed keepalive connection
2023/08/25 14:38:37 [info] 8#8: *33 client 172.20.0.1 closed keepalive connection
2023/08/25 14:38:49 [notice] 1#1: signal 3 (SIGQUIT) received, shutting down
2023/08/25 14:38:49 [notice] 8#8: gracefully shutting down
2023/08/25 14:38:49 [notice] 8#8: exiting
2023/08/25 14:38:49 [notice] 9#9: gracefully shutting down
2023/08/25 14:38:49 [notice] 11#11: gracefully shutting down
2023/08/25 14:38:49 [notice] 11#11: exiting
2023/08/25 14:38:49 [notice] 10#10: gracefully shutting down
2023/08/25 14:38:49 [notice] 8#8: exit
2023/08/25 14:38:49 [notice] 9#9: exiting
2023/08/25 14:38:49 [notice] 11#11: exit
2023/08/25 14:38:49 [notice] 10#10: exiting
2023/08/25 14:38:49 [notice] 10#10: exit
2023/08/25 14:38:49 [notice] 9#9: exit
2023/08/25 14:38:49 [notice] 1#1: signal 17 (SIGCHLD) received from 8
2023/08/25 14:38:49 [notice] 1#1: worker process 8 exited with code 0
2023/08/25 14:38:49 [notice] 1#1: worker process 9 exited with code 0
2023/08/25 14:38:49 [notice] 1#1: signal 29 (SIGIO) received
2023/08/25 14:38:49 [notice] 1#1: signal 17 (SIGCHLD) received from 11
2023/08/25 14:38:49 [notice] 1#1: worker process 10 exited with code 0
2023/08/25 14:38:49 [notice] 1#1: worker process 11 exited with code 0
2023/08/25 14:38:49 [notice] 1#1: exit
2023/08/26 02:13:12 [notice] 1#1: using the "epoll" event method
2023/08/26 02:13:12 [notice] 1#1: nginx/1.25.2
2023/08/26 02:13:12 [notice] 1#1: built by gcc 12.2.0 (Debian 12.2.0-14) 
2023/08/26 02:13:12 [notice] 1#1: OS: Linux 5.15.0-1036-aws
2023/08/26 02:13:12 [notice] 1#1: getrlimit(RLIMIT_NOFILE): 1048576:1048576
2023/08/26 02:13:12 [notice] 1#1: start worker processes
2023/08/26 02:13:12 [notice] 1#1: start worker process 7
2023/08/26 02:13:12 [notice] 1#1: start worker process 8
2023/08/26 02:13:12 [notice] 1#1: start worker process 9
2023/08/26 02:13:12 [notice] 1#1: start worker process 10
2023/08/26 02:13:12 [notice] 1#1: start worker process 11
2023/08/26 02:13:12 [notice] 1#1: start worker process 12
2023/08/26 02:13:12 [notice] 1#1: start worker process 13
2023/08/26 02:13:12 [notice] 1#1: start worker process 14
2023/08/26 02:16:11 [info] 7#7: *1 client 42.113.195.176 closed keepalive connection
2023/08/26 02:17:46 [notice] 1#1: signal 3 (SIGQUIT) received, shutting down
2023/08/26 02:17:46 [notice] 7#7: gracefully shutting down
2023/08/26 02:17:46 [notice] 8#8: gracefully shutting down
2023/08/26 02:17:46 [notice] 9#9: gracefully shutting down
2023/08/26 02:17:46 [notice] 10#10: gracefully shutting down
2023/08/26 02:17:46 [notice] 7#7: exiting
2023/08/26 02:17:46 [notice] 11#11: gracefully shutting down
2023/08/26 02:17:46 [notice] 12#12: gracefully shutting down
2023/08/26 02:17:46 [notice] 8#8: exiting
2023/08/26 02:17:46 [notice] 9#9: exiting
2023/08/26 02:17:46 [notice] 10#10: exiting
2023/08/26 02:17:46 [notice] 11#11: exiting
2023/08/26 02:17:46 [notice] 13#13: gracefully shutting down
2023/08/26 02:17:46 [notice] 12#12: exiting
2023/08/26 02:17:46 [notice] 13#13: exiting
2023/08/26 02:17:46 [notice] 7#7: exit
2023/08/26 02:17:46 [notice] 9#9: exit
2023/08/26 02:17:46 [notice] 11#11: exit
2023/08/26 02:17:46 [notice] 8#8: exit
2023/08/26 02:17:46 [notice] 10#10: exit
2023/08/26 02:17:46 [notice] 12#12: exit
2023/08/26 02:17:46 [notice] 13#13: exit
2023/08/26 02:17:46 [notice] 14#14: gracefully shutting down
2023/08/26 02:17:46 [notice] 14#14: exiting
2023/08/26 02:17:46 [notice] 14#14: exit
2023/08/26 02:17:46 [notice] 1#1: signal 17 (SIGCHLD) received from 13
2023/08/26 02:17:46 [notice] 1#1: worker process 13 exited with code 0
2023/08/26 02:17:46 [notice] 1#1: signal 29 (SIGIO) received
2023/08/26 02:17:46 [notice] 1#1: signal 17 (SIGCHLD) received from 8
2023/08/26 02:17:46 [notice] 1#1: worker process 8 exited with code 0
2023/08/26 02:17:46 [notice] 1#1: signal 29 (SIGIO) received
2023/08/26 02:17:46 [notice] 1#1: signal 17 (SIGCHLD) received from 12
2023/08/26 02:17:46 [notice] 1#1: worker process 12 exited with code 0
2023/08/26 02:17:46 [notice] 1#1: signal 29 (SIGIO) received
2023/08/26 02:17:46 [notice] 1#1: signal 17 (SIGCHLD) received from 7
2023/08/26 02:17:46 [notice] 1#1: worker process 7 exited with code 0
2023/08/26 02:17:46 [notice] 1#1: signal 29 (SIGIO) received
2023/08/26 02:17:46 [notice] 1#1: signal 17 (SIGCHLD) received from 11
2023/08/26 02:17:46 [notice] 1#1: worker process 11 exited with code 0
2023/08/26 02:17:46 [notice] 1#1: worker process 14 exited with code 0
2023/08/26 02:17:46 [notice] 1#1: signal 29 (SIGIO) received
2023/08/26 02:17:46 [notice] 1#1: signal 17 (SIGCHLD) received from 14
2023/08/26 02:17:46 [notice] 1#1: worker process 9 exited with code 0
2023/08/26 02:17:46 [notice] 1#1: signal 29 (SIGIO) received
2023/08/26 02:17:46 [notice] 1#1: signal 17 (SIGCHLD) received from 10
2023/08/26 02:17:46 [notice] 1#1: worker process 10 exited with code 0
2023/08/26 02:17:46 [notice] 1#1: exit
2023/08/26 02:42:11 [notice] 1#1: using the "epoll" event method
2023/08/26 02:42:11 [notice] 1#1: nginx/1.25.2
2023/08/26 02:42:11 [notice] 1#1: built by gcc 12.2.0 (Debian 12.2.0-14) 
2023/08/26 02:42:11 [notice] 1#1: OS: Linux 5.15.0-1036-aws
2023/08/26 02:42:11 [notice] 1#1: getrlimit(RLIMIT_NOFILE): 1048576:1048576
2023/08/26 02:42:11 [notice] 1#1: start worker processes
2023/08/26 02:42:11 [notice] 1#1: start worker process 7
2023/08/26 02:42:11 [notice] 1#1: start worker process 8
2023/08/26 02:42:11 [notice] 1#1: start worker process 9
2023/08/26 02:42:11 [notice] 1#1: start worker process 10
2023/08/26 02:42:11 [notice] 1#1: start worker process 11
2023/08/26 02:42:11 [notice] 1#1: start worker process 12
2023/08/26 02:42:11 [notice] 1#1: start worker process 13
2023/08/26 02:42:11 [notice] 1#1: start worker process 14
2023/08/26 02:42:37 [info] 7#7: *1 client 42.113.195.176 closed keepalive connection
2023/08/26 02:43:04 [notice] 1#1: signal 3 (SIGQUIT) received, shutting down
2023/08/26 02:43:04 [notice] 7#7: gracefully shutting down
2023/08/26 02:43:04 [notice] 9#9: gracefully shutting down
2023/08/26 02:43:04 [notice] 7#7: exiting
2023/08/26 02:43:04 [notice] 10#10: gracefully shutting down
2023/08/26 02:43:04 [notice] 11#11: gracefully shutting down
2023/08/26 02:43:04 [notice] 12#12: gracefully shutting down
2023/08/26 02:43:04 [notice] 13#13: gracefully shutting down
2023/08/26 02:43:04 [notice] 9#9: exiting
2023/08/26 02:43:04 [notice] 14#14: gracefully shutting down
2023/08/26 02:43:04 [notice] 10#10: exiting
2023/08/26 02:43:04 [notice] 11#11: exiting
2023/08/26 02:43:04 [notice] 12#12: exiting
2023/08/26 02:43:04 [notice] 13#13: exiting
2023/08/26 02:43:04 [notice] 14#14: exiting
2023/08/26 02:43:04 [notice] 7#7: exit
2023/08/26 02:43:04 [notice] 9#9: exit
2023/08/26 02:43:04 [notice] 11#11: exit
2023/08/26 02:43:04 [notice] 10#10: exit
2023/08/26 02:43:04 [notice] 13#13: exit
2023/08/26 02:43:04 [notice] 12#12: exit
2023/08/26 02:43:04 [notice] 14#14: exit
2023/08/26 02:43:04 [notice] 8#8: gracefully shutting down
2023/08/26 02:43:04 [notice] 8#8: exiting
2023/08/26 02:43:04 [notice] 8#8: exit
2023/08/26 02:43:04 [notice] 1#1: signal 17 (SIGCHLD) received from 13
2023/08/26 02:43:04 [notice] 1#1: worker process 13 exited with code 0
2023/08/26 02:43:04 [notice] 1#1: signal 29 (SIGIO) received
2023/08/26 02:43:04 [notice] 1#1: signal 17 (SIGCHLD) received from 8
2023/08/26 02:43:04 [notice] 1#1: worker process 8 exited with code 0
2023/08/26 02:43:04 [notice] 1#1: worker process 14 exited with code 0
2023/08/26 02:43:04 [notice] 1#1: signal 29 (SIGIO) received
2023/08/26 02:43:04 [notice] 1#1: signal 17 (SIGCHLD) received from 14
2023/08/26 02:43:04 [notice] 1#1: signal 17 (SIGCHLD) received from 10
2023/08/26 02:43:04 [notice] 1#1: worker process 10 exited with code 0
2023/08/26 02:43:04 [notice] 1#1: signal 29 (SIGIO) received
2023/08/26 02:43:04 [notice] 1#1: signal 17 (SIGCHLD) received from 12
2023/08/26 02:43:04 [notice] 1#1: worker process 9 exited with code 0
2023/08/26 02:43:04 [notice] 1#1: worker process 12 exited with code 0
2023/08/26 02:43:04 [notice] 1#1: signal 29 (SIGIO) received
2023/08/26 02:43:04 [notice] 1#1: signal 17 (SIGCHLD) received from 11
2023/08/26 02:43:04 [notice] 1#1: worker process 11 exited with code 0
2023/08/26 02:43:04 [notice] 1#1: worker process 7 exited with code 0
2023/08/26 02:43:04 [notice] 1#1: exit
